<?xml version="1.0" encoding="UTF-8"?>
<!-- Generated by org.testng.reporters.JUnitReportReporter -->
<testsuite hostname="LAPTOP-NETANEL" name="KarateApiTesting.TestRunner" tests="1" failures="0" timestamp="16 May 2022 22:42:50 GMT" time="8.757" errors="0">
  <testcase name="testParallel" time="8.757" classname="KarateApiTesting.TestRunner"/>
</testsuite> <!-- KarateApiTesting.TestRunner -->
